<?xml version="1.0" encoding="UTF-8" ?>
<testsuite tests="6" failures="0" name="cz.muni.fi.pa165.currency.CurrencyConvertorImplTest" time="0.424" errors="0" skipped="0">
  <properties>
[...]
</properties>
  <testcase classname="cz.muni.fi.pa165.currency.CurrencyConvertorImplTest" name="testConvertWithExternalServiceFailure" time="0.41"/>
  <testcase classname="cz.muni.fi.pa165.currency.CurrencyConvertorImplTest" name="testConvertWithNullTargetCurrency" time="0.004"/>
  <testcase classname="cz.muni.fi.pa165.currency.CurrencyConvertorImplTest" name="testConvertWithNullSourceAmount" time="0.001"/>
  <testcase classname="cz.muni.fi.pa165.currency.CurrencyConvertorImplTest" name="testConvertWithNullSourceCurrency" time="0.002"/>
  <testcase classname="cz.muni.fi.pa165.currency.CurrencyConvertorImplTest" name="testConvert" time="0.006"/>
  <testcase classname="cz.muni.fi.pa165.currency.CurrencyConvertorImplTest" name="testConvertWithUnknownCurrency" time="0.001"/>
</testsuite>